<?xml version="1.0" encoding="UTF-8"?>
<testng-results skipped="0" failed="1" ignored="0" total="7" passed="6">
  <reporter-output>
  </reporter-output>
  <suite name="Default suite" duration-ms="151255" started-at="2017-06-14T20:04:41Z" finished-at="2017-06-14T20:07:12Z">
    <groups>
    </groups>
    <test name="Default test" duration-ms="151255" started-at="2017-06-14T20:04:41Z" finished-at="2017-06-14T20:07:12Z">
      <class name="northeasternunversity.cxplatform.employeeportaltestcases.appsandlinks.AppsAndLinksTestCases">
        <test-method status="PASS" signature="beforeTest()[pri:0, instance:northeasternunversity.cxplatform.employeeportaltestcases.appsandlinks.AppsAndLinksTestCases@ae45eb6]" name="beforeTest" is-config="true" duration-ms="40264" started-at="2017-06-14T14:04:41Z" finished-at="2017-06-14T14:05:21Z">
          <reporter-output>
          </reporter-output>
        </test-method> <!-- beforeTest -->
        <test-method status="PASS" signature="NUCP49()[pri:1, instance:northeasternunversity.cxplatform.employeeportaltestcases.appsandlinks.AppsAndLinksTestCases@ae45eb6]" name="NUCP49" duration-ms="72213" started-at="2017-06-14T14:05:21Z" finished-at="2017-06-14T14:06:33Z">
          <reporter-output>
          </reporter-output>
        </test-method> <!-- NUCP49 -->
        <test-method status="PASS" signature="NUCP173()[pri:2, instance:northeasternunversity.cxplatform.employeeportaltestcases.appsandlinks.AppsAndLinksTestCases@ae45eb6]" name="NUCP173" duration-ms="8570" started-at="2017-06-14T14:06:33Z" finished-at="2017-06-14T14:06:42Z">
          <reporter-output>
          </reporter-output>
        </test-method> <!-- NUCP173 -->
        <test-method status="PASS" signature="NUCP174()[pri:2, instance:northeasternunversity.cxplatform.employeeportaltestcases.appsandlinks.AppsAndLinksTestCases@ae45eb6]" name="NUCP174" duration-ms="4337" started-at="2017-06-14T14:06:42Z" finished-at="2017-06-14T14:06:46Z">
          <reporter-output>
          </reporter-output>
        </test-method> <!-- NUCP174 -->
        <test-method status="PASS" signature="NUCP53()[pri:2, instance:northeasternunversity.cxplatform.employeeportaltestcases.appsandlinks.AppsAndLinksTestCases@ae45eb6]" name="NUCP53" duration-ms="8550" started-at="2017-06-14T14:06:46Z" finished-at="2017-06-14T14:06:55Z">
          <reporter-output>
          </reporter-output>
        </test-method> <!-- NUCP53 -->
        <test-method status="PASS" signature="NUCP54()[pri:2, instance:northeasternunversity.cxplatform.employeeportaltestcases.appsandlinks.AppsAndLinksTestCases@ae45eb6]" name="NUCP54" duration-ms="4328" started-at="2017-06-14T14:06:55Z" finished-at="2017-06-14T14:06:59Z">
          <reporter-output>
          </reporter-output>
        </test-method> <!-- NUCP54 -->
        <test-method status="PASS" signature="NUCP56()[pri:2, instance:northeasternunversity.cxplatform.employeeportaltestcases.appsandlinks.AppsAndLinksTestCases@ae45eb6]" name="NUCP56" duration-ms="8514" started-at="2017-06-14T14:06:59Z" finished-at="2017-06-14T14:07:08Z">
          <reporter-output>
          </reporter-output>
        </test-method> <!-- NUCP56 -->
        <test-method status="FAIL" signature="NUCP57()[pri:2, instance:northeasternunversity.cxplatform.employeeportaltestcases.appsandlinks.AppsAndLinksTestCases@ae45eb6]" name="NUCP57" duration-ms="4313" started-at="2017-06-14T14:07:08Z" finished-at="2017-06-14T14:07:12Z">
          <exception class="java.lang.AssertionError">
            <message>
              <![CDATA[expected [true] but found [false]]]>
            </message>
            <full-stacktrace>
              <![CDATA[java.lang.AssertionError: expected [true] but found [false]
	at org.testng.Assert.fail(Assert.java:93)
	at org.testng.Assert.failNotEquals(Assert.java:512)
	at org.testng.Assert.assertTrue(Assert.java:41)
	at org.testng.Assert.assertTrue(Assert.java:51)
	at northeasternunversity.cxplatform.employeeportaltestcases.appsandlinks.AppsAndLinksTestCases.NUCP57(AppsAndLinksTestCases.java:219)
	at sun.reflect.NativeMethodAccessorImpl.invoke0(Native Method)
	at sun.reflect.NativeMethodAccessorImpl.invoke(NativeMethodAccessorImpl.java:62)
	at sun.reflect.DelegatingMethodAccessorImpl.invoke(DelegatingMethodAccessorImpl.java:43)
	at java.lang.reflect.Method.invoke(Method.java:497)
	at org.testng.internal.MethodInvocationHelper.invokeMethod(MethodInvocationHelper.java:108)
	at org.testng.internal.Invoker.invokeMethod(Invoker.java:661)
	at org.testng.internal.Invoker.invokeTestMethod(Invoker.java:869)
	at org.testng.internal.Invoker.invokeTestMethods(Invoker.java:1193)
	at org.testng.internal.TestMethodWorker.invokeTestMethods(TestMethodWorker.java:126)
	at org.testng.internal.TestMethodWorker.run(TestMethodWorker.java:109)
	at org.testng.TestRunner.privateRun(TestRunner.java:744)
	at org.testng.TestRunner.run(TestRunner.java:602)
	at org.testng.SuiteRunner.runTest(SuiteRunner.java:380)
	at org.testng.SuiteRunner.runSequentially(SuiteRunner.java:375)
	at org.testng.SuiteRunner.privateRun(SuiteRunner.java:340)
	at org.testng.SuiteRunner.run(SuiteRunner.java:289)
	at org.testng.SuiteRunnerWorker.runSuite(SuiteRunnerWorker.java:52)
	at org.testng.SuiteRunnerWorker.run(SuiteRunnerWorker.java:86)
	at org.testng.TestNG.runSuitesSequentially(TestNG.java:1301)
	at org.testng.TestNG.runSuitesLocally(TestNG.java:1226)
	at org.testng.TestNG.runSuites(TestNG.java:1144)
	at org.testng.TestNG.run(TestNG.java:1115)
	at org.testng.remote.AbstractRemoteTestNG.run(AbstractRemoteTestNG.java:132)
	at org.testng.remote.RemoteTestNG.initAndRun(RemoteTestNG.java:230)
	at org.testng.remote.RemoteTestNG.main(RemoteTestNG.java:76)
]]>
            </full-stacktrace>
          </exception> <!-- java.lang.AssertionError -->
          <reporter-output>
          </reporter-output>
        </test-method> <!-- NUCP57 -->
        <test-method status="PASS" signature="afterTest()[pri:0, instance:northeasternunversity.cxplatform.employeeportaltestcases.appsandlinks.AppsAndLinksTestCases@ae45eb6]" name="afterTest" is-config="true" duration-ms="139" started-at="2017-06-14T14:07:12Z" finished-at="2017-06-14T14:07:12Z">
          <reporter-output>
          </reporter-output>
        </test-method> <!-- afterTest -->
      </class> <!-- northeasternunversity.cxplatform.employeeportaltestcases.appsandlinks.AppsAndLinksTestCases -->
    </test> <!-- Default test -->
  </suite> <!-- Default suite -->
</testng-results>
