<?xml version="1.0" encoding="UTF-8"?>
<testng-results skipped="0" failed="0" total="1" passed="1">
  <reporter-output>
  </reporter-output>
  <suite name="Default TestSuite" duration-ms="35719" started-at="2017-07-20T15:17:24Z" finished-at="2017-07-20T15:17:59Z">
    <groups>
    </groups>
    <test name="Automated Full Regression TestCycle" duration-ms="35719" started-at="2017-07-20T15:17:24Z" finished-at="2017-07-20T15:17:59Z">
      <class name="northeasternunversity.cxplatform.employeeportaltestcases.landingpage.LandingPageTestCases">
        <test-method status="PASS" signature="beforeTest()[pri:0, instance:northeasternunversity.cxplatform.employeeportaltestcases.landingpage.LandingPageTestCases@7a5d012c]" name="beforeTest" is-config="true" duration-ms="15838" started-at="2017-07-20T09:17:24Z" finished-at="2017-07-20T09:17:39Z">
          <reporter-output>
          </reporter-output>
        </test-method> <!-- beforeTest -->
        <test-method status="PASS" signature="NUCP64()[pri:1, instance:northeasternunversity.cxplatform.employeeportaltestcases.landingpage.LandingPageTestCases@7a5d012c]" name="NUCP64" duration-ms="19765" started-at="2017-07-20T09:17:39Z" finished-at="2017-07-20T09:17:59Z">
          <reporter-output>
          </reporter-output>
        </test-method> <!-- NUCP64 -->
        <test-method status="PASS" signature="afterTest()[pri:0, instance:northeasternunversity.cxplatform.employeeportaltestcases.landingpage.LandingPageTestCases@7a5d012c]" name="afterTest" is-config="true" duration-ms="107" started-at="2017-07-20T09:17:59Z" finished-at="2017-07-20T09:17:59Z">
          <reporter-output>
          </reporter-output>
        </test-method> <!-- afterTest -->
      </class> <!-- northeasternunversity.cxplatform.employeeportaltestcases.landingpage.LandingPageTestCases -->
    </test> <!-- Automated Full Regression TestCycle -->
  </suite> <!-- Default TestSuite -->
</testng-results>
