<?xml version="1.0" encoding="UTF-8"?>
<!-- Generated by org.testng.reporters.JUnitXMLReporter -->
<testsuite hostname="Luis-Hernandez.local" ignored="0" name="Default test" tests="2" failures="0" timestamp="31 May 2017 21:50:44 GMT" time="46.82" errors="0">
  <testcase name="Example1" time="22.39" classname="northeasternunversity.cxplatform.employeeportaltestcases.userprofile.AppsAndLinksTestCases"/>
  <testcase name="Example2" time="10.234" classname="northeasternunversity.cxplatform.employeeportaltestcases.userprofile.AppsAndLinksTestCases"/>
</testsuite> <!-- Default test -->
